<?xml version="1.0" encoding="UTF-8"?>
<!-- Generated by org.testng.reporters.JUnitReportReporter -->
<testsuite skipped="0" hostname="Marifats-MacBook-Pro.local" name="com.weatherbase.tests.TestUsingMaven" tests="1" failures="0" timestamp="14 Mar 2018 15:54:02 GMT" time="0.653" errors="0">
  <testcase name="test" time="0.653" classname="com.weatherbase.tests.TestUsingMaven"/>
</testsuite> <!-- com.weatherbase.tests.TestUsingMaven -->
